2024-09-15 17:25:42,328 - INFO - file_cache is only supported with oauth2client<4.0.0
2024-09-15 17:25:42,643 - ERROR - Error updating Google Sheets: Object of type date is not JSON serializable
2024-09-15 17:27:42,726 - ERROR - Error updating Google Sheets: Object of type date is not JSON serializable
2024-09-15 17:30:32,669 - INFO - file_cache is only supported with oauth2client<4.0.0
2024-09-15 17:30:33,032 - ERROR - Error updating Google Sheets: Object of type date is not JSON serializable
2024-09-15 17:34:05,353 - INFO - file_cache is only supported with oauth2client<4.0.0
2024-09-15 17:34:05,651 - ERROR - Error updating Google Sheets: Object of type date is not JSON serializable
2024-09-15 17:35:14,525 - INFO - file_cache is only supported with oauth2client<4.0.0
2024-09-15 17:35:14,826 - ERROR - Error updating Google Sheets: Object of type date is not JSON serializable
2024-09-15 17:40:22,143 - INFO - file_cache is only supported with oauth2client<4.0.0
2024-09-15 17:40:22,443 - ERROR - Error updating Google Sheets: Object of type date is not JSON serializable
2024-09-15 17:44:16,480 - INFO - file_cache is only supported with oauth2client<4.0.0
2024-09-15 17:44:16,590 - ERROR - Error updating Google Sheets: name 'date' is not defined
2024-09-15 17:48:11,431 - INFO - file_cache is only supported with oauth2client<4.0.0
2024-09-15 17:48:58,029 - INFO - file_cache is only supported with oauth2client<4.0.0
2024-09-15 20:05:10,175 - INFO - file_cache is only supported with oauth2client<4.0.0
2024-09-15 20:09:23,552 - INFO - file_cache is only supported with oauth2client<4.0.0
2024-09-15 20:09:42,018 - INFO - file_cache is only supported with oauth2client<4.0.0
2024-09-15 20:09:42,055 - INFO - Fetched 3 records.
2024-09-15 20:09:44,080 - INFO - 31 cells updated.
2024-09-15 20:10:44,097 - INFO - Fetched 0 records.
2024-09-15 20:11:44,103 - INFO - Fetched 1 records.
2024-09-15 20:11:44,666 - INFO - 10 cells updated.
2024-09-15 20:12:44,682 - INFO - Fetched 0 records.
2024-09-15 20:13:44,696 - INFO - Fetched 0 records.
2024-09-15 20:14:44,714 - INFO - Fetched 0 records.
2024-09-15 20:15:44,719 - INFO - Fetched 0 records.
2024-09-15 20:18:21,496 - INFO - Fetched 0 records.
2024-09-15 20:19:21,504 - INFO - Fetched 1 records.
2024-09-15 20:19:22,448 - INFO - 10 cells updated.
